C51 COMPILER V9.60.0.0   MAIN                                                              03/16/2022 22:42:01 PAGE 1   


C51 COMPILER V9.60.0.0, COMPILATION OF MODULE MAIN
OBJECT MODULE PLACED IN .\Objects\main.obj
COMPILER INVOKED BY: C:\Keil_v5\C51\BIN\C51.EXE main.c OPTIMIZE(8,SPEED) BROWSE DEBUG OBJECTEXTEND PRINT(.\Listings\main
                    -.lst) TABS(2) OBJECT(.\Objects\main.obj)

line level    source

   1          #include <at89c5131.h>
   2          #include "lcd.h"        //Header file with LCD interfacing functions
   3          #include "MorseCode.h"  //Header file for Morse Code 
   4          
   5          sbit LED=P1^7;
   6          sbit inbit0 = P1^0;
   7          bit membit0;
   8          sbit inbit1 = P1^1;
   9          bit membit1;
  10          sbit inbit2 = P1^2;
  11          bit membit2;
  12          sbit inbit3 = P1^3;
  13          bit membit3;
  14          /*
  15          Port P0.7 is used for the audio signal output
  16          */  
  17          //Main function
  18          
  19          void main(void)
  20          {
  21   1          
  22   1        //Call initialization functions
  23   1        lcd_init();
  24   1        
  25   1        membit0 = inbit0;
  26   1        membit1 = inbit1;
  27   1        membit2 = inbit2;
  28   1        membit3 = inbit3;
  29   1        
  30   1        if(membit0){
  31   2          lcd_cmd(135);
  32   2          lcd_write_char('A');
  33   2          morsea();
  34   2        }
  35   1        else if(membit1){
  36   2          lcd_cmd(135);
  37   2          lcd_write_char('B');
  38   2          morseb();
  39   2        }
  40   1        else if(membit2){
  41   2          lcd_cmd(135);
  42   2          lcd_write_char('C');
  43   2          morsec();
  44   2        }
  45   1        else if(membit3){
  46   2          lcd_cmd(135);
  47   2          lcd_write_char('D');
  48   2          morsed();
  49   2        }
  50   1        else {
  51   2          lcd_cmd(135);
  52   2          lcd_write_char('E');
  53   2          morsee();
  54   2        }
C51 COMPILER V9.60.0.0   MAIN                                                              03/16/2022 22:42:01 PAGE 2   

  55   1        
  56   1        while(1){
  57   2          
  58   2        }
  59   1      
  60   1      }


MODULE INFORMATION:   STATIC OVERLAYABLE
   CODE SIZE        =    381    ----
   CONSTANT SIZE    =   ----    ----
   XDATA SIZE       =   ----    ----
   PDATA SIZE       =   ----    ----
   DATA SIZE        =   ----       3
   IDATA SIZE       =   ----    ----
   BIT SIZE         =      4    ----
END OF MODULE INFORMATION.


C51 COMPILATION COMPLETE.  0 WARNING(S),  0 ERROR(S)
